Flutter crash report.
Please report a bug at https://github.com/flutter/flutter/issues.

## command

flutter assemble --no-version-check --output=/Users/cudin/Documents/TDEV.STUDIO/Android/thien_co (1)/build/macos/Build/Products/Debug/ -dTargetPlatform=darwin -dTargetFile=/Users/cudin/Documents/TDEV.STUDIO/Android/thien_co (1)/lib/main.dart -dBuildMode=debug -dConfiguration=Debug -dDarwinArchs=arm64 -dSdkRoot=/Applications/Xcode.app/Contents/Developer/Platforms/MacOSX.platform/Developer/SDKs/MacOSX26.4.sdk -dSplitDebugInfo= -dTreeShakeIcons=false -dTrackWidgetCreation=true -dDartObfuscation=false -dAction=build -dFrontendServerStarterPath= --ExtraGenSnapshotOptions= --DartDefines=RkxVVFRFUl9WRVJTSU9OPTMuNDEuOQ==,RkxVVFRFUl9DSEFOTkVMPXN0YWJsZQ==,RkxVVFRFUl9HSVRfVVJMPWh0dHBzOi8vZ2l0aHViLmNvbS9mbHV0dGVyL2ZsdXR0ZXIuZ2l0,RkxVVFRFUl9GUkFNRVdPUktfUkVWSVNJT049MDBiMGM5MWYwNg==,RkxVVFRFUl9FTkdJTkVfUkVWSVNJT049NDJkM2Q3NWE1Ng==,RkxVVFRFUl9EQVJUX1ZFUlNJT049My4xMS41 --ExtraFrontEndOptions= -dSrcRoot=/Users/cudin/Documents/TDEV.STUDIO/Android/thien_co (1)/macos --build-inputs=/Users/cudin/Documents/TDEV.STUDIO/Android/thien_co (1)/macos/Flutter/ephemeral/FlutterInputs.xcfilelist --build-outputs=/Users/cudin/Documents/TDEV.STUDIO/Android/thien_co (1)/macos/Flutter/ephemeral/FlutterOutputs.xcfilelist debug_macos_bundle_flutter_assets

## exception

_TypeError: Null check operator used on a null value

```
#0      parseOtoolArchitectureSections (package:flutter_tools/src/isolated/native_assets/macos/native_assets_host.dart:295:48)
#1      getInstallNamesDylib (package:flutter_tools/src/isolated/native_assets/macos/native_assets_host.dart:128:52)
<asynchronous suspension>
#2      copyNativeCodeAssetsMacOS (package:flutter_tools/src/isolated/native_assets/macos/native_assets.dart:172:41)
<asynchronous suspension>
#3      _copyNativeCodeAssetsForOS (package:flutter_tools/src/isolated/native_assets/native_assets.dart:479:9)
<asynchronous suspension>
#4      installCodeAssets (package:flutter_tools/src/isolated/native_assets/native_assets.dart:119:3)
<asynchronous suspension>
#5      InstallCodeAssets.build (package:flutter_tools/src/build_system/targets/native_assets.dart:171:5)
<asynchronous suspension>
#6      _BuildInstance._invokeInternal (package:flutter_tools/src/build_system/build_system.dart:937:9)
<asynchronous suspension>
#7      Future.wait.<anonymous closure> (dart:async/future.dart:546:21)
<asynchronous suspension>
#8      _BuildInstance.invokeTarget (package:flutter_tools/src/build_system/build_system.dart:875:32)
<asynchronous suspension>
#9      FlutterBuildSystem.build (package:flutter_tools/src/build_system/build_system.dart:684:16)
<asynchronous suspension>
#10     AssembleCommand.runCommand (package:flutter_tools/src/commands/assemble.dart:365:32)
<asynchronous suspension>
#11     FlutterCommand.run.<anonymous closure> (package:flutter_tools/src/runner/flutter_command.dart:1590:27)
<asynchronous suspension>
#12     AppContext.run.<anonymous closure> (package:flutter_tools/src/base/context.dart:154:19)
<asynchronous suspension>
#13     CommandRunner.runCommand (package:args/command_runner.dart:212:13)
<asynchronous suspension>
#14     FlutterCommandRunner.runCommand.<anonymous closure> (package:flutter_tools/src/runner/flutter_command_runner.dart:496:9)
<asynchronous suspension>
#15     AppContext.run.<anonymous closure> (package:flutter_tools/src/base/context.dart:154:19)
<asynchronous suspension>
#16     FlutterCommandRunner.runCommand (package:flutter_tools/src/runner/flutter_command_runner.dart:431:5)
<asynchronous suspension>
#17     FlutterCommandRunner.run.<anonymous closure> (package:flutter_tools/src/runner/flutter_command_runner.dart:307:33)
<asynchronous suspension>
#18     run.<anonymous closure>.<anonymous closure> (package:flutter_tools/runner.dart:104:11)
<asynchronous suspension>
#19     AppContext.run.<anonymous closure> (package:flutter_tools/src/base/context.dart:154:19)
<asynchronous suspension>
#20     main (package:flutter_tools/executable.dart:103:3)
<asynchronous suspension>
```

## flutter doctor

```
[✓] Flutter (Channel stable, 3.41.9, on macOS 26.4.1 25E253 darwin-arm64, locale vi-VN) [481ms]
    • Flutter version 3.41.9 on channel stable at /opt/homebrew/share/flutter
    • Upstream repository https://github.com/flutter/flutter.git
    • Framework revision 00b0c91f06 (12 days ago), 2026-04-29 10:03:19 -0700
    • Engine revision 42d3d75a56
    • Dart version 3.11.5
    • DevTools version 2.54.2
    • Feature flags: enable-web, enable-linux-desktop, enable-macos-desktop, enable-windows-desktop, enable-android, enable-ios, cli-animations, enable-native-assets, omit-legacy-version-file, enable-lldb-debugging, enable-uiscene-migration

[✓] Android toolchain - develop for Android devices (Android SDK version 36.1.0) [1.852ms]
    • Android SDK at /Users/cudin/Library/Android/sdk
    • Emulator version 36.5.11.0 (build_id 15261927) (CL:N/A)
    • Platform android-36.1, build-tools 36.1.0
    • ANDROID_HOME = /Users/cudin/Library/Android/sdk
    • ANDROID_SDK_ROOT = /Users/cudin/Library/Android/sdk
    • Java binary at: /Applications/Android Studio.app/Contents/jbr/Contents/Home/bin/java
      This is the JDK bundled with the latest Android Studio installation on this machine.
      To manually set the JDK path, use: `flutter config --jdk-dir="path/to/jdk"`.
    • Java version OpenJDK Runtime Environment (build 21.0.10+-117844308-b1163.108)
    • All Android licenses accepted.

[!] Xcode - develop for iOS and macOS (Xcode 26.4.1) [1.540ms]
    • Xcode at /Applications/Xcode.app/Contents/Developer
    • Build 17E202
    ✗ Unable to get list of installed Simulator runtimes.
    • CocoaPods version 1.16.2

[✓] Chrome - develop for the web [3ms]
    • Chrome at /Applications/Google Chrome.app/Contents/MacOS/Google Chrome

[✓] Connected device (2 available) [6,3s]
    • macOS (desktop) • macos  • darwin-arm64   • macOS 26.4.1 25E253 darwin-arm64
    • Chrome (web)    • chrome • web-javascript • Google Chrome 147.0.7727.139

[✓] Network resources [342ms]
    • All expected network resources are available.

! Doctor found issues in 1 category.
```
